   1              	gcc2_compiled.:
   2              	___gnu_compiled_cplusplus
   3              		stabs "/home/cdavyduke/Projects/HC12/ELEX_8030/",100,0,0,Ltext0
   4              		stabs "prioritytask.cc",100,0,0,Ltext0
   5              	
   6              		section	.text
   7              	
   8              	Ltext0	stabs "int:t1=r1;-32768;32767;",128,0,0,0
   9              		stabs "char:t2=r2;0;255;",128,0,0,0
  10              		stabs "long int:t3=r1;0020000000000;0017777777777;",128,0,0,0
  11              		stabs "unsigned int:t4=r4;0;65535;",128,0,0,0
  12              		stabs "long unsigned int:t5=r1;0000000000000;0037777777777;",128,0,0,0
  13              		stabs "long long int:t6=r1;0020000000000;0017777777777;",128,0,0,0
  14              		stabs "long long unsigned int:t7=r1;0000000000000;0037777777777;",128,0,0,0
  15              		stabs "short int:t8=r8;-32768;32767;",128,0,0,0
  16              		stabs "short unsigned int:t9=r9;0;65535;",128,0,0,0
  17              		stabs "signed char:t10=r10;-128;127;",128,0,0,0
  18              		stabs "unsigned char:t11=r11;0;255;",128,0,0,0
  19              		stabs "float:t12=r1;4;0;",128,0,0,0
  20              		stabs "double:t13=r1;4;0;",128,0,0,0
  21              		stabs "long double:t14=r1;4;0;",128,0,0,0
  22              		stabs "complex int:t15=s4real:1,0,16;imag:1,16,16;;",128,0,0,0
  23              		stabs "complex float:t16=r16;4;0;",128,0,0,0
  24              		stabs "complex double:t17=r17;4;0;",128,0,0,0
  25              		stabs "complex long double:t18=r18;4;0;",128,0,0,0
  26              		stabs "bool:t19=@s8;-16;",128,0,0,0
  27              		stabs "void:t20=20",128,0,0,0
  28              		stabs "__wchar_t:t21=r21;-32768;32767;",128,0,0,0
  29              		stabs "__vtbl_ptr_type:t22=*23=f1",128,0,0,0
  30              		stabs "size_t:t4",128,0,11,0
  31              		stabs "ptrdiff_t:t1",128,0,12,0
  32              		stabs "Task:T24=s8current:/025=*24:_4Task$current;stack:/026=*27=*20,0,16;\\",128,0,0,0
  33              		stabs "sp:/026,16,16;priority:/04,32,16;$vf24:28=*29=ar0;0;3;22,48;\\",128,0,0,0
  34              		stabs "__as::30=##31=&24;:RC4Task;2A.;Task::32=##25;:RC4Task;2A.33=##25;:UiUi;2A.\\",128,0,0,0
  35              		stabs "34=#24,20,25,1,20;:_$_4Task;2A*2;24;;yield::35=f20:;2A?;lowerPriorityThan::36=##19;:PC4Task
  36              		stabs "fork::37=##20;:;1A.;main::37:;1A*3;24;;start::35:;0A?;dispatch::38=f20:P4Task;0A?;;~%24;",1
  37              		stabs "Task:Tt24",128,0,34,0
  38              		stabs "Node:Tt39=s6next:40=*39,0,16;task:25,16,16;\\",128,0,0,0
  39              		stabs "time:1,32,16;__as::41=##42=&39;:Q28TaskList4NodeRCQ28TaskList4Node;2A.;\\",128,0,0,0
  40              		stabs "Node::43=##40;:__Q28TaskList4NodeRCQ28TaskList4Node;2A.44=##40;:__Q28TaskList4NodeP4Task;2A
  41              		stabs "TaskList:Tt45=s4first:/140,0,16;$vf45:28,16;__as::46=##47=&45;:RC8TaskList;2A.;\\",128,0,0,
  42              		stabs "TaskList::48=##49=*45;:RC8TaskList;2A.50=##49;:P4Task;2A.51=#45,20,49,1,20;:_$_8TaskList;2A
  43              		stabs "block::52=##20;:;2A.;unblock::52:;2A.;getCurrent::53=##25;:;2A.;insert::54=##20;:PQ28TaskLi
  44              		stabs "remove::55=##40;:;0A.;;~%45;",128,0,60,0
  45              		stabs "PriorityTaskList:Tt56=s4!1,020,45;__as::57=##58=&56;:RC16PriorityTaskList;2A.;\\",128,0,0,0
  46              		stabs "PriorityTaskList::59=##60=*56;:RC16PriorityTaskList;2A.61=#56,20,60,1,20;:_$_16PriorityTask
  47              		stabs "62=##60;:P4Task;2A.;insert::63=##20;:PQ28TaskList4Node;0A*3;45;;;~%45;",128,0,23,0
  48              		stabs "Interrupts:Tt64=s2oldMask:/01,0,16;__as::65=##66=&64;:RC10Interrupts;2A.;\\",128,0,0,0
  49              		stabs "Interrupts::67=##68=*64;:RC10Interrupts;2A.69=##68;:;2A.70=#64,20,68,1,20;:_$_10Interrupts;
  50              	
  51              		global	_insert__16PriorityTaskListPQ28TaskList4Node
  52              	_insert__16PriorityTaskListPQ28TaskList4Node
   1:prioritytask.cc **** // Filename:        PRIORITYTASK.CC
   2:prioritytask.cc **** // Author:          C. DAVYDUKE
   3:prioritytask.cc **** // File Created:    03/12/03
   4:prioritytask.cc **** // Last Modified:   03/12/15
   5:prioritytask.cc **** // Description:     This file contains the class methods for the piority 
   6:prioritytask.cc **** //                  task list.
   7:prioritytask.cc **** 
   8:prioritytask.cc **** #include "prioritytask.h"
   9:prioritytask.cc **** #include "task.h"
  10:prioritytask.cc **** #include "interrupts.h"
  11:prioritytask.cc **** 
  12:prioritytask.cc **** void PriorityTaskList::insert( TaskList::Node * node )
  13:prioritytask.cc **** {
  53              		stabd 68,0,13
  54 0000 1BF1EE   		leas	-18,s
  55              	
  56 0003 6C8E     		std	14,s
  57              	
  58              	LBB2	stabs "interrupts.h",132,0,0,Ltext1
  59              	
   1:interrupts.h  **** // Filename:		INTERRUPTS.H
   2:interrupts.h  **** // Author:			C. DAVYDUKE
   3:interrupts.h  **** // File Created:	03/10/20
   4:interrupts.h  **** // Last Modified: 03/10/29
   5:interrupts.h  **** // Description:	This file contains the class definition of interrupts and some low level code.
   6:interrupts.h  **** 
   7:interrupts.h  **** #ifndef __INTERRUPTS_H__
   8:interrupts.h  **** #define __INTERRUPTS_H__
   9:interrupts.h  **** 
  10:interrupts.h  **** // This class definition allows us to use the properties of classes (e.g. constructors and
  11:interrupts.h  **** // destructors) to ensure that interrupts are always enabled and disabled, and one or
  12:interrupts.h  **** // the other is not forgotten.  Very HC12 specific.
  13:interrupts.h  **** class Interrupts
  14:interrupts.h  **** {
  15:interrupts.h  **** 	public:
  16:interrupts.h  **** 		Interrupts()
  17:interrupts.h  **** 		{
  60              	Ltext1	stabd 68,0,17
  61              	
  62              	LBB3
  18:interrupts.h  **** 			asm( "tfr ccr, b" );
  63              	LBB4	stabd 68,0,18
  64 0005 B721     		tfr ccr, b
  19:interrupts.h  **** 			asm( "std %0" : : "m"(oldMask) : "d" );
  65              		stabd 68,0,19
  66 0007 6CF010   		std 16,s
  20:interrupts.h  **** 			asm( "sei" );
  67              		stabd 68,0,20
  68 000a 1410     		sei
  69              	
  21:interrupts.h  **** 		}
  70              	LBE4	stabd 68,0,21
  71              	
  72              	LBE3	stabs "prioritytask.cc",132,0,0,Ltext2
  73              	
  14:prioritytask.cc ****   //excercise for the student
  15:prioritytask.cc ****   Interrupts masked;
  16:prioritytask.cc ****   
  17:prioritytask.cc ****   if( node )
  74              	Ltext2	stabd 68,0,17
  75              	
  76 000c EDF014   	LBB5	ldy	20,s
  77 000f 182700B2 		lbeq	L30
  78              		
  18:prioritytask.cc ****   {
  79              		stabd 68,0,18
  80              	
  19:prioritytask.cc ****     Task * nodeTask = node->task;
  81              	LBB6	stabd 68,0,19
  82 0013 ED42     		ldy	2,y
  83 0015 6D8C     		sty	12,s
  20:prioritytask.cc ****     
  21:prioritytask.cc ****     if( first )
  84              		stabd 68,0,21
  85              	
  86 0017 EEF3000E 	LBB7	ldx	[14,s]
  87 001b 18270099 		lbeq	L31
  88              		
  22:prioritytask.cc ****     {
  89              		stabd 68,0,22
  90              	
  23:prioritytask.cc ****       Node * tempNode = 0;
  24:prioritytask.cc ****       Task * tempTask = 0;
  91              	LBB8	stabd 68,0,24
  25:prioritytask.cc **** 
  26:prioritytask.cc ****       // Find last node (lowest priority)
  27:prioritytask.cc ****       for( tempNode=first; tempNode->next; tempNode=tempNode->next );
  92              		stabd 68,0,27
  93 001f 6E80     		stx	0,s
  94 0021 2006     		bra	L60
  95              		
  96              	
  97 0023 EDF30000 	L34	ldy	[0,s]
  98 0027 6D80     		sty	0,s
  99              	
 100 0029 ECF30000 	L60	ldd	[0,s]
 101 002d 26F4     		bne	L34
 102              		
  28:prioritytask.cc ****       
  29:prioritytask.cc ****       tempTask = tempNode->task;
 103              		stabd 68,0,29
 104 002f ED80     		ldy	0,s
 105 0031 EE42     		ldx	2,y
  30:prioritytask.cc ****       
  31:prioritytask.cc ****       // Insert node at end of list if it is of the lowest priority
  32:prioritytask.cc ****       if( nodeTask->lowerPriorityThan( tempTask ) )
 106              		stabd 68,0,32
 107              	
 108              	LBB9	stabs "task.h",132,0,0,Ltext3
 109              	
   1:task.h        **** // Filename:      TASK.H
   2:task.h        **** // Author:        C. DAVYDUKE
   3:task.h        **** // File Created:  03/11/22
   4:task.h        **** // Last Modified: 03/12/20
   5:task.h        **** // Description:   This file contains the class definitions for the consent multi-tasking base class
   6:task.h        **** 
   7:task.h        **** #ifndef __TASK_H__
   8:task.h        **** #define __TASK_H__
   9:task.h        **** 
  10:task.h        **** #include "stddef.h"
  11:task.h        **** 
  12:task.h        **** class Task
  13:task.h        **** {
  14:task.h        ****   public:
  15:task.h        ****     Task( size_t stackSize, unsigned int priority );
  16:task.h        ****     virtual ~Task();
  17:task.h        ****     static void yield();  // switch to next task
  18:task.h        ****     bool lowerPriorityThan( const Task * task ) const
  19:task.h        ****     {
 110              	Ltext3	stabd 68,0,19
 111              	
 112              	LBB10
  20:task.h        ****       return priority > task->priority;
 113              	LBB11	stabd 68,0,20
 114 0033 C7       		clrb	
 115 0034 6B84     		stab	4,s
 116 0036 ED8C     		ldy	12,s
 117 0038 ED44     		ldy	4,y
 118 003a 6D8A     		sty	10,s
 119 003c AD04     		cpy	4,x
 120 003e 2304     		bls	L38
 121              		
 122 0040 C601     		ldab	#1
 123 0042 6B84     		stab	4,s
 124              	
 125              	L38
  21:task.h        ****     }
 126              	LBE11	stabd 68,0,21
 127              	
 128              	LBE10	stabs "prioritytask.cc",132,0,0,Ltext4
 129              	
 130              	Ltext4	stabd 68,0,32
 131 0044 E784     		tst	4,s
 132 0046 270A     		beq	L37
 133              		
  33:prioritytask.cc ****       {
  34:prioritytask.cc ****         tempNode->next = node;
 134              		stabd 68,0,34
 135 0048 EDF014   		ldy	20,s
 136 004b 6DF30000 		sty	[0,s]
  35:prioritytask.cc ****         node->next = 0;
 137              		stabd 68,0,35
 138 004f 0600BF   		jmp	L61
 139              		
 140              	
  36:prioritytask.cc ****       }
  37:prioritytask.cc ****       
  38:prioritytask.cc ****       // Insert node somewhere in a pre-existing list
  39:prioritytask.cc ****       else
  40:prioritytask.cc ****       {
 141              	L37	stabd 68,0,40
 142              	
  41:prioritytask.cc ****         Node * nextNode = first;
 143              	LBB12	stabd 68,0,41
 144 0052 EEF3000E 		ldx	[14,s]
  42:prioritytask.cc ****         Task * nextTask = nextNode->task;
 145              		stabd 68,0,42
 146 0056 ED02     		ldy	2,x
 147 0058 6D80     		sty	0,s
  43:prioritytask.cc ****         
  44:prioritytask.cc ****         // Insert node at the head of the list if it is of the highest priority
  45:prioritytask.cc ****         if( !nodeTask->lowerPriorityThan( nextTask ) )
 148              		stabd 68,0,45
 149              	
 150              	LBB13	stabs "task.h",132,0,0,Ltext5
 151              	
 152              	Ltext5	stabd 68,0,19
 153              	
 154              	LBB14
 155              	LBB15	stabd 68,0,20
 156 005a C7       		clrb	
 157 005b 6B84     		stab	4,s
 158 005d EC8A     		ldd	10,s
 159 005f AC44     		cpd	4,y
 160 0061 2304     		bls	L43
 161              		
 162 0063 C601     		ldab	#1
 163 0065 6B84     		stab	4,s
 164              	
 165              	L43
 166              	LBE15	stabd 68,0,21
 167              	
 168              	LBE14	stabs "prioritytask.cc",132,0,0,Ltext6
 169              	
 170              	Ltext6	stabd 68,0,45
 171 0067 E784     		tst	4,s
 172 0069 260E     		bne	L42
 173              		
  46:prioritytask.cc ****         {
  47:prioritytask.cc ****           node->next = nextNode;
 174              		stabd 68,0,47
 175 006b 6EF30014 		stx	[20,s]
  48:prioritytask.cc ****           first = node;
 176              		stabd 68,0,48
 177 006f EDF014   		ldy	20,s
 178 0072 6DF3000E 		sty	[14,s]
 179 0076 0600C5   		jmp	L30
 180              		
 181              	
  49:prioritytask.cc ****         }
  50:prioritytask.cc **** 
  51:prioritytask.cc ****         // Insert node in the middle of the list in order of priority        
  52:prioritytask.cc ****         else
  53:prioritytask.cc ****         {
 182              	L42	stabd 68,0,53
 183              	
  54:prioritytask.cc ****           Node * prevNode = 0;
  55:prioritytask.cc ****           int bContinue = 1;
 184              	LBB16	stabd 68,0,55
 185 0079 CC0001   		ldd	#1
 186              	
 187 007c 6C86     	L62	std	6,s
  56:prioritytask.cc ****         
  57:prioritytask.cc ****           while( nextNode->next && bContinue )
 188              		stabd 68,0,57
 189              	
 190              	L47
 191 007e ED00     	LBB17	ldy	0,x
 192 0080 6D80     		sty	0,s
 193 0082 2741     		beq	L30
 194              		
 195 0084 EC86     		ldd	6,s
 196 0086 273D     		beq	L30
 197              		
  58:prioritytask.cc ****           {
  59:prioritytask.cc ****             prevNode = nextNode;
 198              		stabd 68,0,59
 199 0088 6E88     		stx	8,s
  60:prioritytask.cc ****             nextNode = nextNode->next;
 200              		stabd 68,0,60
 201 008a B765     		tfr	y,x
  61:prioritytask.cc ****             nextTask = nextNode->task;
 202              		stabd 68,0,61
 203 008c ED02     		ldy	2,x
 204 008e 6D80     		sty	0,s
  62:prioritytask.cc ****           
  63:prioritytask.cc ****             // If node's priority is between prev node and next node, we have found insert location
  64:prioritytask.cc ****             if( !nodeTask->lowerPriorityThan( nextTask ) )
 205              		stabd 68,0,64
 206              	
 207              	LBB18	stabs "task.h",132,0,0,Ltext7
 208              	
 209              	Ltext7	stabd 68,0,19
 210              	
 211              	LBB19
 212              	LBB20	stabd 68,0,20
 213 0090 C7       		clrb	
 214 0091 6B85     		stab	5,s
 215 0093 ED8C     		ldy	12,s
 216 0095 ED44     		ldy	4,y
 217 0097 6D82     		sty	2,s
 218 0099 B764     		tfr	y,d
 219 009b ED80     		ldy	0,s
 220 009d AC44     		cpd	4,y
 221 009f 2304     		bls	L52
 222              		
 223 00a1 C601     		ldab	#1
 224 00a3 6B85     		stab	5,s
 225              	
 226              	L52
 227              	LBE20	stabd 68,0,21
 228              	
 229              	LBE19	stabs "prioritytask.cc",132,0,0,Ltext8
 230              	
 231              	Ltext8	stabd 68,0,64
 232 00a5 E785     		tst	5,s
 233 00a7 26D5     		bne	L47
 234              		
  65:prioritytask.cc ****             {
  66:prioritytask.cc ****               node->next = nextNode;
 235              		stabd 68,0,66
 236 00a9 6EF30014 		stx	[20,s]
  67:prioritytask.cc ****               prevNode->next = node;
 237              		stabd 68,0,67
 238 00ad EDF014   		ldy	20,s
 239 00b0 6DF30008 		sty	[8,s]
  68:prioritytask.cc ****               bContinue = 0;
 240              		stabd 68,0,68
 241 00b4 87C7     		clrd	
 242              	
 243              	LBE18
 244 00b6 20C4     	LBE17	bra	L62
 245              		
 246              	
 247              	LBE16
 248              	LBE13
 249              	LBE12
 250              	LBE9
 251              	LBE8
  69:prioritytask.cc ****             }
  70:prioritytask.cc **** //            prevNode = nextNode;        
  71:prioritytask.cc ****           } // end while
  72:prioritytask.cc ****         } // end else (insert in the middle of a list in order of priority)
  73:prioritytask.cc ****       } // end else (insert in a pre-existing list somewhere)
  74:prioritytask.cc ****     } // end if( first )
  75:prioritytask.cc **** 
  76:prioritytask.cc ****     // If the list is empty (i.e. there is no first node), this node becomes the first node
  77:prioritytask.cc ****     else
  78:prioritytask.cc ****     {
  79:prioritytask.cc ****       first = node;
 252              	L31	stabd 68,0,79
 253 00b8 EDF014   		ldy	20,s
 254 00bb 6DF3000E 		sty	[14,s]
  80:prioritytask.cc ****       node->next = 0;
 255              		stabd 68,0,80
 256              	
 257 00bf 87C7     	L61	clrd	
 258 00c1 6CF30014 		std	[20,s]
 259              	
 260              	LBE7
 261              	LBE6
 262              	L30
 263              	LBE5	stabs "interrupts.h",132,0,0,Ltext9
 264              	
  22:interrupts.h  **** 		~Interrupts()
  23:interrupts.h  **** 		{
 265              	Ltext9	stabd 68,0,23
 266              	
 267              	LBB21
  24:interrupts.h  **** 			asm( "ldd %0" : : "m"(oldMask) : "d" );
 268              	LBB22	stabd 68,0,24
 269 00c5 ECF010   		ldd 16,s
  25:interrupts.h  **** 			asm( "tfr b, ccr" );
 270              		stabd 68,0,25
 271 00c8 B712     		tfr b, ccr
 272              	
  26:interrupts.h  **** 		}
 273              	LBE22	stabd 68,0,26
 274              	
 275              	LBE21	stabs "prioritytask.cc",132,0,0,Ltext10
 276              	
  81:prioritytask.cc ****     }
  82:prioritytask.cc ****   } // end if( node )
  83:prioritytask.cc **** }
 277              	Ltext10	stabd 68,0,83
 278              	
 279              	LBE2
 280 00ca 1BF012   		leas	18,s
 281 00cd 3D       		rts
 282              	
 283              		stabs "insert__16PriorityTaskListPQ28TaskList4Node:F20",36,0,13,_insert__16PriorityTaskListPQ28Tas
 284              		stabs "this:p60",160,0,13,14
 285              		stabs "node:p40",160,0,13,20
 286              		stabs "masked:64",128,0,15,16
 287              		stabn 192,0,0,LBB2
 288              		stabn 192,0,0,LBB3
 289              		stabn 192,0,0,LBB4
 290              		stabn 224,0,0,LBE4
 291              		stabn 224,0,0,LBE3
 292              		stabn 192,0,0,LBB5
 293              		stabs "nodeTask:25",128,0,19,12
 294              		stabn 192,0,0,LBB6
 295              		stabn 192,0,0,LBB7
 296              		stabs "tempNode:r71=*40",64,0,23,3
 297              		stabs "tempTask:r25",64,0,24,2
 298              		stabn 192,0,0,LBB8
 299              		stabn 192,0,0,LBB9
 300              		stabs "this:72=*24",128,0,32,12
 301              		stabs "task:r72",64,0,32,2
 302              		stabn 192,0,0,LBB10
 303              		stabn 192,0,0,LBB11
 304              		stabn 224,0,0,LBE11
 305              		stabn 224,0,0,LBE10
 306              		stabs "nextNode:r40",64,0,41,2
 307              		stabs "nextTask:r73=*25",64,0,42,3
 308              		stabn 192,0,0,LBB12
 309              		stabn 192,0,0,LBB13
 310              		stabs "this:72",128,0,45,12
 311              		stabs "task:r74=*72",64,0,45,3
 312              		stabn 192,0,0,LBB14
 313              		stabn 192,0,0,LBB15
 314              		stabn 224,0,0,LBE15
 315              		stabn 224,0,0,LBE14
 316              		stabs "prevNode:40",128,0,54,8
 317              		stabs "bContinue:1",128,0,55,6
 318              		stabn 192,0,0,LBB16
 319              		stabn 192,0,0,LBB17
 320              		stabn 192,0,0,LBB18
 321              		stabs "this:72",128,0,64,12
 322              		stabs "task:r75=*72",64,0,64,3
 323              		stabn 192,0,0,LBB19
 324              		stabn 192,0,0,LBB20
 325              		stabn 224,0,0,LBE20
 326              		stabn 224,0,0,LBE19
 327              		stabn 224,0,0,LBE18
 328              		stabn 224,0,0,LBE17
 329              		stabn 224,0,0,LBE16
 330              		stabn 224,0,0,LBE13
 331              		stabn 224,0,0,LBE12
 332              		stabn 224,0,0,LBE9
 333              		stabn 224,0,0,LBE8
 334              		stabn 224,0,0,LBE7
 335              		stabn 224,0,0,LBE6
 336              		stabn 224,0,0,LBE5
 337              		stabn 192,0,0,LBB21
 338              		stabn 192,0,0,LBB22
 339              		stabn 224,0,0,LBE22
 340              		stabn 224,0,0,LBE21
 341              		stabn 224,0,0,LBE2
 342              	
 343              	Lscope0	stabs "",36,0,0,Lscope0-_insert__16PriorityTaskListPQ28TaskList4Node
 344              	
 345              		global	___vt_16PriorityTaskList
 346              	
 347              		section	.const
 348              		stabs "__vt_16PriorityTaskList:G29",32,0,23,0
 349              	___vt_16PriorityTaskList
 350 0000 0000     		dc.w	0
 351 0002 0000     		dc.w	0
 352 0004 00E5     		dc.w	__$_16PriorityTaskList
 353 0006 0000     		dc.w	_insert__16PriorityTaskListPQ28TaskList4Node
 354              	
 355              		section	.text
 356              	
 357              		global	___16PriorityTaskListP4Task
 358              	___16PriorityTaskListP4Task
 359              		stabs "prioritytask.h",132,0,0,Ltext11
 360              	
   1:prioritytask.h **** // Filename:        PRIORITYTASK.H
   2:prioritytask.h **** // Author:          C. DAVYDUKE
   3:prioritytask.h **** // File Created:    03/12/03
   4:prioritytask.h **** // Last Modified:   03/12/03
   5:prioritytask.h **** // Description:     This file contains the class definition for the piority 
   6:prioritytask.h **** //                  task list.
   7:prioritytask.h **** 
   8:prioritytask.h **** #ifndef __PRIORITYTASK_H__
   9:prioritytask.h **** #define __PRIORITYTASK_H__
  10:prioritytask.h **** 
  11:prioritytask.h **** #include "task.h"
  12:prioritytask.h **** 
  13:prioritytask.h **** class PriorityTaskList : public TaskList
  14:prioritytask.h **** {
  15:prioritytask.h ****   public:
  16:prioritytask.h ****     PriorityTaskList( Task * task = 0 )
  17:prioritytask.h ****     : TaskList( task )
 361              	Ltext11	stabd 68,0,17
 362 00ce 1B9C     		leas	-4,s
 363              	
 364 00d0 6C82     		std	2,s
 365 00d2 18028680 		movw	6,s,0,s
 366 00d6 160000   		jsr	___8TaskListP4Task
 367 00d9 CC0000   		ldd	#___vt_16PriorityTaskList
 368 00dc ED82     		ldy	2,s
 369 00de 6C42     		std	2,y
  18:prioritytask.h ****     {
 370              		stabd 68,0,18
 371              	
 372              	LBB23
 373 00e0 B764     	LBE23	tfr	y,d
  19:prioritytask.h ****     }
 374              		stabd 68,0,19
 375              	
 376 00e2 1B84     		leas	4,s
 377 00e4 3D       		rts
 378              	
 379              		stabs "__16PriorityTaskListP4Task:F60",36,0,17,___16PriorityTaskListP4Task
 380              		stabs "this:p60",160,0,17,2
 381              		stabs "task:p25",160,0,17,6
 382              		stabn 192,0,0,LBB23
 383              		stabn 224,0,0,LBE23
 384              	
 385              	Lscope1	stabs "",36,0,0,Lscope1-___16PriorityTaskListP4Task
 386              	
 387              		global	__$_16PriorityTaskList
 388              	__$_16PriorityTaskList
 389              		stabs "prioritytask.cc",132,0,0,Ltext12
 390              	
 391              	Ltext12	stabd 68,0,83
 392 00e5 1B9E     		leas	-2,s
 393              	
 394 00e7 18028480 		movw	4,s,0,s
 395 00eb 160000   		jsr	__$_8TaskList
 396              	
 397 00ee 1B82     		leas	2,s
 398 00f0 3D       		rts
 399              	
 400              		stabs "_$_16PriorityTaskList:F20",36,0,23,__$_16PriorityTaskList
 401              		stabs "this:P60",64,0,23,0
 402              		stabs "__in_chrg:p1",160,0,23,4
 403              	
 404              	Lscope2	stabs "",36,0,0,Lscope2-__$_16PriorityTaskList
 405              	
 406              	
 407              		end
